c:\users\nikita\desktop\hsdecktrackercode\juliaset\julia_set_cuda\juliaset\x64\release\vc142.pdb
c:\users\nikita\desktop\hsdecktrackercode\juliaset\julia_set_cuda\juliaset\x64\release\image.obj
c:\users\nikita\desktop\hsdecktrackercode\juliaset\julia_set_cuda\juliaset\x64\release\juliaset.lib
c:\users\nikita\desktop\hsdecktrackercode\juliaset\julia_set_cuda\juliaset\x64\release\juliaset.exp
c:\users\nikita\desktop\hsdecktrackercode\juliaset\julia_set_cuda\juliaset\x64\release\juliaset.ipdb
c:\users\nikita\desktop\hsdecktrackercode\juliaset\julia_set_cuda\juliaset\x64\release\juliaset.iobj
c:\users\nikita\desktop\hsdecktrackercode\juliaset\julia_set_cuda\juliaset\x64\release\juliaset.exe
c:\users\nikita\desktop\hsdecktrackercode\juliaset\julia_set_cuda\juliaset\x64\release\juliaset.pdb
c:\users\nikita\desktop\hsdecktrackercode\juliaset\julia_set_cuda\juliaset\x64\release\kernel.cu.cache
c:\users\nikita\desktop\hsdecktrackercode\juliaset\julia_set_cuda\juliaset\x64\release\kernel.cu.obj
c:\users\nikita\desktop\hsdecktrackercode\juliaset\julia_set_cuda\juliaset\x64\release\juliaset.tlog\cl.command.1.tlog
c:\users\nikita\desktop\hsdecktrackercode\juliaset\julia_set_cuda\juliaset\x64\release\juliaset.tlog\cl.read.1.tlog
c:\users\nikita\desktop\hsdecktrackercode\juliaset\julia_set_cuda\juliaset\x64\release\juliaset.tlog\cl.write.1.tlog
c:\users\nikita\desktop\hsdecktrackercode\juliaset\julia_set_cuda\juliaset\x64\release\juliaset.tlog\cudacompile.read.1u.tlog
c:\users\nikita\desktop\hsdecktrackercode\juliaset\julia_set_cuda\juliaset\x64\release\juliaset.tlog\cudacompile.write.1u.tlog
c:\users\nikita\desktop\hsdecktrackercode\juliaset\julia_set_cuda\juliaset\x64\release\juliaset.tlog\juliaset.write.1u.tlog
c:\users\nikita\desktop\hsdecktrackercode\juliaset\julia_set_cuda\juliaset\x64\release\juliaset.tlog\link.command.1.tlog
c:\users\nikita\desktop\hsdecktrackercode\juliaset\julia_set_cuda\juliaset\x64\release\juliaset.tlog\link.delete.1.tlog
c:\users\nikita\desktop\hsdecktrackercode\juliaset\julia_set_cuda\juliaset\x64\release\juliaset.tlog\link.read.1.tlog
c:\users\nikita\desktop\hsdecktrackercode\juliaset\julia_set_cuda\juliaset\x64\release\juliaset.tlog\link.write.1.tlog
